          date          |      contexte        |     message     
2023-04-27T07:31:28.197Z: /me/profile --> Le token est érroné
2023-04-27T07:34:11.602Z: /me/profile --> Le token est érroné
2023-04-27T07:36:48.966Z: /me/profile --> Le token est érroné
2023-04-27T07:44:47.102Z: /me/profile --> Le token est érroné
2023-04-27T07:44:53.144Z: /me/profile --> Le token est érroné
2023-04-27T07:50:24.720Z: /me/profile --> Le token est érroné
2023-04-27T07:50:46.909Z: /me/profile --> Le token est érroné
2023-04-27T07:51:57.493Z: /me/profile/ingredient --> Le token est érroné
2023-04-27T07:52:39.379Z: /me/profile/ingredient --> Le token est érroné
2023-04-27T09:47:53.826Z: /admin/login --> 404 message
2023-04-27T09:47:53.942Z: /images/icons/gear.png --> 404 message
2023-04-27T09:50:14.083Z: /admin/login --> No default engine was specified and no extension was provided.
2023-04-27T09:50:51.181Z: /admin/login --> No default engine was specified and no extension was provided.
2023-04-27T09:53:17.129Z: /admin/login --> Cannot find module 'ejs'
Require stack:
- /var/www/html/Promo/O'FRIGO/projet-06-o-frigo-back/node_modules/express/lib/view.js
- /var/www/html/Promo/O'FRIGO/projet-06-o-frigo-back/node_modules/express/lib/application.js
- /var/www/html/Promo/O'FRIGO/projet-06-o-frigo-back/node_modules/express/lib/express.js
- /var/www/html/Promo/O'FRIGO/projet-06-o-frigo-back/node_modules/express/index.js
- /var/www/html/Promo/O'FRIGO/projet-06-o-frigo-back/app/index.js
- /var/www/html/Promo/O'FRIGO/projet-06-o-frigo-back/server.js
2023-04-27T09:54:05.402Z: /admin/login --> Cannot find module 'ejs'
Require stack:
- /var/www/html/Promo/O'FRIGO/projet-06-o-frigo-back/node_modules/express/lib/view.js
- /var/www/html/Promo/O'FRIGO/projet-06-o-frigo-back/node_modules/express/lib/application.js
- /var/www/html/Promo/O'FRIGO/projet-06-o-frigo-back/node_modules/express/lib/express.js
- /var/www/html/Promo/O'FRIGO/projet-06-o-frigo-back/node_modules/express/index.js
- /var/www/html/Promo/O'FRIGO/projet-06-o-frigo-back/app/index.js
- /var/www/html/Promo/O'FRIGO/projet-06-o-frigo-back/server.js
2023-04-27T09:54:21.544Z: /admin/login --> Cannot find module 'ejs'
Require stack:
- /var/www/html/Promo/O'FRIGO/projet-06-o-frigo-back/node_modules/express/lib/view.js
- /var/www/html/Promo/O'FRIGO/projet-06-o-frigo-back/node_modules/express/lib/application.js
- /var/www/html/Promo/O'FRIGO/projet-06-o-frigo-back/node_modules/express/lib/express.js
- /var/www/html/Promo/O'FRIGO/projet-06-o-frigo-back/node_modules/express/index.js
- /var/www/html/Promo/O'FRIGO/projet-06-o-frigo-back/app/index.js
- /var/www/html/Promo/O'FRIGO/projet-06-o-frigo-back/server.js
2023-04-27T09:55:11.090Z: /admin/login --> /var/www/html/Promo/O&#39;FRIGO/projet-06-o-frigo-back/app/back/views/login-admin.ejs:1
 >> 1| <%- include('partials/header') %>
    2| 
    3| <%- include('partials/footer') %>

/var/www/html/Promo/O&#39;FRIGO/projet-06-o-frigo-back/app/back/views/partials/header.ejs:10
    8|     <link rel="stylesheet" href=" /css/style.css">
    9| 
 >> 10|     <title><%= homeName %></title>
    11| </head>
    12| <body class="body">
    13|     <header class="header">

homeName is not defined
2023-04-27T09:56:06.749Z: /admin/login --> /var/www/html/Promo/O&#39;FRIGO/projet-06-o-frigo-back/app/back/views/login-admin.ejs:1
 >> 1| <%- include('partials/header') %>
    2| 
    3| <%- include('partials/footer') %>

/var/www/html/Promo/O&#39;FRIGO/projet-06-o-frigo-back/app/back/views/partials/header.ejs:10
    8|     <link rel="stylesheet" href=" /css/style.css">
    9| 
 >> 10|     <title><%= homeName %></title>
    11| </head>
    12| <body class="body">
    13|     <header class="header">

homeName is not defined
2023-04-27T09:56:43.872Z: /admin/login --> No default engine was specified and no extension was provided.
2023-04-27T09:56:44.926Z: /admin/login --> /var/www/html/Promo/O&#39;FRIGO/projet-06-o-frigo-back/app/back/views/login-admin.ejs:1
 >> 1| <%- include('partials/header') %>
    2| 
    3| <%- include('partials/footer') %>

/var/www/html/Promo/O&#39;FRIGO/projet-06-o-frigo-back/app/back/views/partials/header.ejs:10
    8|     <link rel="stylesheet" href=" /css/style.css">
    9| 
 >> 10|     <title><%= homeName %></title>
    11| </head>
    12| <body class="body">
    13|     <header class="header">

homeName is not defined
2023-04-27T09:56:49.979Z: /admin/login --> /var/www/html/Promo/O&#39;FRIGO/projet-06-o-frigo-back/app/back/views/login-admin.ejs:1
 >> 1| <%- include('partials/header') %>
    2| 
    3| <%- include('partials/footer') %>

/var/www/html/Promo/O&#39;FRIGO/projet-06-o-frigo-back/app/back/views/partials/header.ejs:10
    8|     <link rel="stylesheet" href=" /css/style.css">
    9| 
 >> 10|     <title><%= homeName %></title>
    11| </head>
    12| <body class="body">
    13|     <header class="header">

homeName is not defined
2023-04-27T09:57:32.749Z: /admin/login --> /var/www/html/Promo/O&#39;FRIGO/projet-06-o-frigo-back/app/back/views/login-admin.ejs:1
 >> 1| <%- include('partials/header') %>
    2| 
    3| <%- include('partials/footer') %>

/var/www/html/Promo/O&#39;FRIGO/projet-06-o-frigo-back/app/back/views/partials/header.ejs:10
    8|     <link rel="stylesheet" href=" /css/style.css">
    9| 
 >> 10|     <title><%= homeName %></title>
    11| </head>
    12| <body class="body">
    13|     <header class="header">

homeName is not defined
2023-04-27T09:57:39.859Z: /admin/login --> /var/www/html/Promo/O&#39;FRIGO/projet-06-o-frigo-back/app/back/views/login-admin.ejs:1
 >> 1| <%- include('partials/header') %>
    2| 
    3| <%- include('partials/footer') %>

/var/www/html/Promo/O&#39;FRIGO/projet-06-o-frigo-back/app/back/views/partials/header.ejs:10
    8|     <link rel="stylesheet" href=" /css/style.css">
    9| 
 >> 10|     <title><%= homeName %></title>
    11| </head>
    12| <body class="body">
    13|     <header class="header">

homeName is not defined
2023-04-27T09:58:37.331Z: /admin/login --> /var/www/html/Promo/O&#39;FRIGO/projet-06-o-frigo-back/app/back/views/login-admin.ejs:1
 >> 1| <%- include('partials/header') %>
    2| 
    3| <%- include('partials/footer') %>

/var/www/html/Promo/O&#39;FRIGO/projet-06-o-frigo-back/app/back/views/partials/header.ejs:10
    8|     <link rel="stylesheet" href=" /css/style.css">
    9| 
 >> 10|     <title><%= homeName %></title>
    11| </head>
    12| <body class="body">
    13|     <header class="header">

homeName is not defined
2023-04-27T09:58:43.820Z: /admin/login --> /var/www/html/Promo/O&#39;FRIGO/projet-06-o-frigo-back/app/back/views/login-admin.ejs:1
 >> 1| <%- include('partials/header') %>
    2| 
    3| <%- include('partials/footer') %>

/var/www/html/Promo/O&#39;FRIGO/projet-06-o-frigo-back/app/back/views/partials/header.ejs:10
    8|     <link rel="stylesheet" href=" /css/style.css">
    9| 
 >> 10|     <title><%= homeName %></title>
    11| </head>
    12| <body class="body">
    13|     <header class="header">

homeName is not defined
2023-04-27T09:59:10.190Z: /admin/login --> /var/www/html/Promo/O&#39;FRIGO/projet-06-o-frigo-back/app/back/views/login-admin.ejs:1
 >> 1| <%- include('partials/header') %>
    2| 
    3| <%- include('partials/footer') %>

/var/www/html/Promo/O&#39;FRIGO/projet-06-o-frigo-back/app/back/views/partials/header.ejs:10
    8|     <link rel="stylesheet" href=" /css/style.css">
    9| 
 >> 10|     <title><%= homeName %></title>
    11| </head>
    12| <body class="body">
    13|     <header class="header">

homeName is not defined
2023-04-27T10:01:37.311Z: /admin/login --> /var/www/html/Promo/O&#39;FRIGO/projet-06-o-frigo-back/app/back/views/loginAdmin.ejs:1
 >> 1| <%- include('partials/header') %>
    2| 
    3| <%- include('partials/footer') %>

/var/www/html/Promo/O&#39;FRIGO/projet-06-o-frigo-back/app/back/views/partials/header.ejs:10
    8|     <link rel="stylesheet" href=" /css/style.css">
    9| 
 >> 10|     <title><%= homeName %></title>
    11| </head>
    12| <body class="body">
    13|     <header class="header">

homeName is not defined
2023-04-27T10:02:53.451Z: /admin/login --> /var/www/html/Promo/O&#39;FRIGO/projet-06-o-frigo-back/app/back/views/loginAdmin.ejs:1
 >> 1| <%- include('partials/header') %>
    2| 
    3| <%- include('partials/footer') %>

/var/www/html/Promo/O&#39;FRIGO/projet-06-o-frigo-back/app/back/views/partials/header.ejs:10
    8|     <link rel="stylesheet" href=" /css/style.css">
    9| 
 >> 10|     <title><%= homeName %></title>
    11| </head>
    12| <body class="body">
    13|     <header class="header">

homeName is not defined
2023-04-27T10:03:30.542Z: /admin/login --> /var/www/html/Promo/O&#39;FRIGO/projet-06-o-frigo-back/app/back/views/loginAdmin.ejs:1
 >> 1| <%- include('partials/header') %>
    2| 
    3| <%- include('partials/footer') %>

/var/www/html/Promo/O&#39;FRIGO/projet-06-o-frigo-back/app/back/views/partials/header.ejs:10
    8|     <link rel="stylesheet" href=" /css/style.css">
    9| 
 >> 10|     <title><%= homeName %></title>
    11| </head>
    12| <body class="body">
    13|     <header class="header">

homeName is not defined
2023-04-27T11:22:37.399Z: /favicon.ico --> 404 message
2023-04-27T11:22:41.191Z: /login --> 404 message
2023-04-27T11:23:25.737Z: /admin/img_avatar2.png --> 404 message
2023-04-27T11:24:22.602Z: /picture/O'frigo.png --> 404 message
2023-04-27T11:24:37.524Z: /admin/picture/O'frigo.png --> 404 message
2023-04-27T11:33:53.953Z: /admin/login --> "remember" is not allowed
2023-04-27T11:34:53.687Z: /admin/login --> Format de l'email non valide ou caractères non autorisés
2023-04-27T11:35:21.013Z: /admin/login --> Format de l'email non valide ou caractères non autorisés
2023-04-27T11:35:35.321Z: /admin/login --> "remember" is not allowed
2023-04-27T11:36:14.228Z: /admin/login --> "remember" is not allowed
2023-04-27T11:37:09.404Z: /admin/login --> /var/www/html/Promo/O&#39;FRIGO/projet-06-o-frigo-back/app/back/views/home.ejs:1
 >> 1| <%- include('partials/header') %>
    2| 
    3| <section class="section">
    4| 

/var/www/html/Promo/O&#39;FRIGO/projet-06-o-frigo-back/app/back/views/partials/header.ejs:10
    8|     <link rel="stylesheet" href=" /css/style.css">
    9| 
 >> 10|     <title><%= homeName %></title>
    11| </head>
    12| <body class="body">
    13|     <header class="header">

homeName is not defined
2023-04-27T11:37:24.131Z: /admin/login --> /var/www/html/Promo/O&#39;FRIGO/projet-06-o-frigo-back/app/back/views/home.ejs:1
 >> 1| <%- include('partials/header') %>
    2| 
    3| <section class="section">
    4| 

/var/www/html/Promo/O&#39;FRIGO/projet-06-o-frigo-back/app/back/views/partials/header.ejs:10
    8|     <link rel="stylesheet" href=" /css/style.css">
    9| 
 >> 10|     <title><%= homeName %></title>
    11| </head>
    12| <body class="body">
    13|     <header class="header">

homeName is not defined
2023-04-27T11:38:11.886Z: /login --> 404 message
2023-04-27T11:38:17.859Z: /admin --> 404 message
2023-04-27T11:38:39.672Z: /admin/login --> "remember" is not allowed
2023-04-27T11:39:26.303Z: /admin/login --> /var/www/html/Promo/O&#39;FRIGO/projet-06-o-frigo-back/app/back/views/home.ejs:1
 >> 1| <%- include('partials/header') %>
    2| 
    3| <section class="section">
    4| 

/var/www/html/Promo/O&#39;FRIGO/projet-06-o-frigo-back/app/back/views/partials/header.ejs:10
    8|     <link rel="stylesheet" href=" /css/style.css">
    9| 
 >> 10|     <title><%= homeName %></title>
    11| </head>
    12| <body class="body">
    13|     <header class="header">

homeName is not defined
2023-04-27T11:39:43.135Z: /admin --> 404 message
2023-04-27T11:39:55.716Z: /admin/login --> /var/www/html/Promo/O&#39;FRIGO/projet-06-o-frigo-back/app/back/views/home.ejs:1
 >> 1| <%- include('partials/header') %>
    2| 
    3| <section class="section">
    4| 

/var/www/html/Promo/O&#39;FRIGO/projet-06-o-frigo-back/app/back/views/partials/header.ejs:10
    8|     <link rel="stylesheet" href=" /css/style.css">
    9| 
 >> 10|     <title><%= homeName %></title>
    11| </head>
    12| <body class="body">
    13|     <header class="header">

homeName is not defined
2023-04-27T11:40:09.259Z: /admin --> 404 message
2023-04-27T11:40:09.909Z: /login --> 404 message
2023-04-27T11:40:11.086Z: /admin --> 404 message
2023-04-27T11:41:32.591Z: /admin/login --> /var/www/html/Promo/O&#39;FRIGO/projet-06-o-frigo-back/app/back/views/home.ejs:1
 >> 1| <%- include('partials/header') %>
    2| 
    3| <section class="section">
    4| 

/var/www/html/Promo/O&#39;FRIGO/projet-06-o-frigo-back/app/back/views/partials/header.ejs:30
    28|     </header>
    29|     <% if(homeName != 'LoginPage') { %>
 >> 30|         <%- include('leftMenu') %>
    31|     <% } %>
    32| 
    33| 

/var/www/html/Promo/O&#39;FRIGO/projet-06-o-frigo-back/app/back/views/partials/leftMenu.ejs:4
    2|   <ul>
    3|       <li class=""><a href="/">Accueil</a></li>
 >> 4|       <% for(const item of itemsMenu) { %>
    5|           <li><a href="/admin/<%=item%>"><%= item.charAt(0).toUpperCase()+ item.slice(1) %></a></li>
    6|       <% } %>
    7|       <li>

itemsMenu is not defined
2023-04-27T11:41:47.748Z: /admin/login --> /var/www/html/Promo/O&#39;FRIGO/projet-06-o-frigo-back/app/back/views/home.ejs:1
 >> 1| <%- include('partials/header') %>
    2| 
    3| <section class="section">
    4| 

/var/www/html/Promo/O&#39;FRIGO/projet-06-o-frigo-back/app/back/views/partials/header.ejs:30
    28|     </header>
    29|     <% if(homeName != 'LoginPage') { %>
 >> 30|         <%- include('leftMenu') %>
    31|     <% } %>
    32| 
    33| 

/var/www/html/Promo/O&#39;FRIGO/projet-06-o-frigo-back/app/back/views/partials/leftMenu.ejs:4
    2|   <ul>
    3|       <li class=""><a href="/">Accueil</a></li>
 >> 4|       <% for(const item of itemsMenu) { %>
    5|           <li><a href="/admin/<%=item%>"><%= item.charAt(0).toUpperCase()+ item.slice(1) %></a></li>
    6|       <% } %>
    7|       <li>

itemsMenu is not defined
2023-04-27T11:43:13.531Z: /admin/login --> Couple login/mot de passe est incorrect.
2023-04-27T11:43:20.470Z: /admin/login --> Couple login/mot de passe est incorrect.
2023-04-27T11:43:32.085Z: /admin/login --> /var/www/html/Promo/O&#39;FRIGO/projet-06-o-frigo-back/app/back/views/home.ejs:1
 >> 1| <%- include('partials/header') %>
    2| 
    3| <section class="section">
    4| 

/var/www/html/Promo/O&#39;FRIGO/projet-06-o-frigo-back/app/back/views/partials/header.ejs:30
    28|     </header>
    29|     <% if(homeName != 'LoginPage') { %>
 >> 30|         <%- include('leftMenu') %>
    31|     <% } %>
    32| 
    33| 

/var/www/html/Promo/O&#39;FRIGO/projet-06-o-frigo-back/app/back/views/partials/leftMenu.ejs:4
    2|   <ul>
    3|       <li class=""><a href="/">Accueil</a></li>
 >> 4|       <% for(const item of itemsMenu) { %>
    5|           <li><a href="/admin/<%=item%>"><%= item.charAt(0).toUpperCase()+ item.slice(1) %></a></li>
    6|       <% } %>
    7|       <li>

itemsMenu is not defined
2023-04-27T11:43:56.185Z: /admin/login --> /var/www/html/Promo/O&#39;FRIGO/projet-06-o-frigo-back/app/back/views/home.ejs:1
 >> 1| <%- include('partials/header') %>
    2| 
    3| <section class="section">
    4| 

/var/www/html/Promo/O&#39;FRIGO/projet-06-o-frigo-back/app/back/views/partials/header.ejs:30
    28|     </header>
    29|     <% if(homeName != 'LoginPage') { %>
 >> 30|         <%- include('leftMenu') %>
    31|     <% } %>
    32| 
    33| 

/var/www/html/Promo/O&#39;FRIGO/projet-06-o-frigo-back/app/back/views/partials/leftMenu.ejs:4
    2|   <ul>
    3|       <li class=""><a href="/">Accueil</a></li>
 >> 4|       <% for(const item of itemsMenu) { %>
    5|           <li><a href="/admin/<%=item%>"><%= item.charAt(0).toUpperCase()+ item.slice(1) %></a></li>
    6|       <% } %>
    7|       <li>

itemsMenu is not defined
2023-04-27T11:44:09.343Z: /admin/login --> loginPage is not defined
2023-04-27T11:44:31.851Z: /admin/login --> /var/www/html/Promo/O&#39;FRIGO/projet-06-o-frigo-back/app/back/views/home.ejs:1
 >> 1| <%- include('partials/header') %>
    2| 
    3| <section class="section">
    4| 

/var/www/html/Promo/O&#39;FRIGO/projet-06-o-frigo-back/app/back/views/partials/header.ejs:30
    28|     </header>
    29|     <% if(homeName != 'LoginPage') { %>
 >> 30|         <%- include('leftMenu') %>
    31|     <% } %>
    32| 
    33| 

/var/www/html/Promo/O&#39;FRIGO/projet-06-o-frigo-back/app/back/views/partials/leftMenu.ejs:4
    2|   <ul>
    3|       <li class=""><a href="/">Accueil</a></li>
 >> 4|       <% for(const item of itemsMenu) { %>
    5|           <li><a href="/admin/<%=item%>"><%= item.charAt(0).toUpperCase()+ item.slice(1) %></a></li>
    6|       <% } %>
    7|       <li>

itemsMenu is not defined
2023-04-27T11:44:39.853Z: /admin/login --> /var/www/html/Promo/O&#39;FRIGO/projet-06-o-frigo-back/app/back/views/home.ejs:1
 >> 1| <%- include('partials/header') %>
    2| 
    3| <section class="section">
    4| 

/var/www/html/Promo/O&#39;FRIGO/projet-06-o-frigo-back/app/back/views/partials/header.ejs:30
    28|     </header>
    29|     <% if(homeName != 'LoginPage') { %>
 >> 30|         <%- include('leftMenu') %>
    31|     <% } %>
    32| 
    33| 

/var/www/html/Promo/O&#39;FRIGO/projet-06-o-frigo-back/app/back/views/partials/leftMenu.ejs:4
    2|   <ul>
    3|       <li class=""><a href="/">Accueil</a></li>
 >> 4|       <% for(const item of itemsMenu) { %>
    5|           <li><a href="/admin/<%=item%>"><%= item.charAt(0).toUpperCase()+ item.slice(1) %></a></li>
    6|       <% } %>
    7|       <li>

itemsMenu is not defined
2023-04-27T11:44:50.893Z: /admin/login --> /var/www/html/Promo/O&#39;FRIGO/projet-06-o-frigo-back/app/back/views/home.ejs:1
 >> 1| <%- include('partials/header') %>
    2| 
    3| <section class="section">
    4| 

/var/www/html/Promo/O&#39;FRIGO/projet-06-o-frigo-back/app/back/views/partials/header.ejs:30
    28|     </header>
    29|     <% if(homeName != 'LoginPage') { %>
 >> 30|         <%- include('leftMenu') %>
    31|     <% } %>
    32| 
    33| 

/var/www/html/Promo/O&#39;FRIGO/projet-06-o-frigo-back/app/back/views/partials/leftMenu.ejs:4
    2|   <ul>
    3|       <li class=""><a href="/">Accueil</a></li>
 >> 4|       <% for(const item of itemsMenu) { %>
    5|           <li><a href="/admin/<%=item%>"><%= item.charAt(0).toUpperCase()+ item.slice(1) %></a></li>
    6|       <% } %>
    7|       <li>

itemsMenu is not defined
2023-04-27T11:45:27.692Z: /admin/login --> /var/www/html/Promo/O&#39;FRIGO/projet-06-o-frigo-back/app/back/views/home.ejs:1
 >> 1| <%- include('partials/header') %>
    2| 
    3| <section class="section">
    4| 

/var/www/html/Promo/O&#39;FRIGO/projet-06-o-frigo-back/app/back/views/partials/header.ejs:30
    28|     </header>
    29|     <% if(homeName != 'LoginPage') { %>
 >> 30|         <%- include('leftMenu') %>
    31|     <% } %>
    32| 
    33| 

/var/www/html/Promo/O&#39;FRIGO/projet-06-o-frigo-back/app/back/views/partials/leftMenu.ejs:4
    2|   <ul>
    3|       <li class=""><a href="/">Accueil</a></li>
 >> 4|       <% for(const item of itemsMenu) { %>
    5|           <li><a href="/admin/<%=item%>"><%= item.charAt(0).toUpperCase()+ item.slice(1) %></a></li>
    6|       <% } %>
    7|       <li>

itemsMenu is not defined
2023-04-27T11:46:20.029Z: /admin/login --> /var/www/html/Promo/O&#39;FRIGO/projet-06-o-frigo-back/app/back/views/home.ejs:1
 >> 1| <%- include('partials/header') %>
    2| 
    3| <section class="section">
    4| 

/var/www/html/Promo/O&#39;FRIGO/projet-06-o-frigo-back/app/back/views/partials/header.ejs:30
    28|     </header>
    29|     <% if(homeName != 'LoginPage') { %>
 >> 30|         <%- include('leftMenu') %>
    31|     <% } %>
    32| 
    33| 

/var/www/html/Promo/O&#39;FRIGO/projet-06-o-frigo-back/app/back/views/partials/leftMenu.ejs:4
    2|   <ul>
    3|       <li class=""><a href="/">Accueil</a></li>
 >> 4|       <% for(const item of itemsMenu) { %>
    5|           <li><a href="/admin/<%=item%>"><%= item.charAt(0).toUpperCase()+ item.slice(1) %></a></li>
    6|       <% } %>
    7|       <li>

itemsMenu is not defined
2023-04-27T11:46:33.303Z: /admin/login --> /var/www/html/Promo/O&#39;FRIGO/projet-06-o-frigo-back/app/back/views/home.ejs:1
 >> 1| <%- include('partials/header') %>
    2| 
    3| <section class="section">
    4| 

/var/www/html/Promo/O&#39;FRIGO/projet-06-o-frigo-back/app/back/views/partials/header.ejs:30
    28|     </header>
    29|     <% if(homeName != 'LoginPage') { %>
 >> 30|         <%- include('leftMenu') %>
    31|     <% } %>
    32| 
    33| 

/var/www/html/Promo/O&#39;FRIGO/projet-06-o-frigo-back/app/back/views/partials/leftMenu.ejs:4
    2|   <ul>
    3|       <li class=""><a href="/">Accueil</a></li>
 >> 4|       <% for(const item of itemsMenu) { %>
    5|           <li><a href="/admin/<%=item%>"><%= item.charAt(0).toUpperCase()+ item.slice(1) %></a></li>
    6|       <% } %>
    7|       <li>

itemsMenu is not defined
2023-04-27T11:47:08.072Z: /admin/login --> /var/www/html/Promo/O&#39;FRIGO/projet-06-o-frigo-back/app/back/views/home.ejs:1
 >> 1| <%- include('partials/header') %>
    2| 
    3| <section class="section">
    4| 

/var/www/html/Promo/O&#39;FRIGO/projet-06-o-frigo-back/app/back/views/partials/header.ejs:30
    28|     </header>
    29|     <% if(homeName != 'LoginPage') { %>
 >> 30|         <%- include('leftMenu') %>
    31|     <% } %>
    32| 
    33| 

/var/www/html/Promo/O&#39;FRIGO/projet-06-o-frigo-back/app/back/views/partials/leftMenu.ejs:4
    2|   <ul>
    3|       <li class=""><a href="/">Accueil</a></li>
 >> 4|       <% for(const item of itemsMenu) { %>
    5|           <li><a href="/admin/<%=item%>"><%= item.charAt(0).toUpperCase()+ item.slice(1) %></a></li>
    6|       <% } %>
    7|       <li>

itemsMenu is not defined
2023-04-27T12:07:24.891Z: /admin/app/api/picture/Farine.jpg --> 404 message
2023-04-27T12:07:35.730Z: /admin/app/api/picture/Farine.jpg --> 404 message
2023-04-27T12:08:02.557Z: /app/api/picture/Farine.jpg --> 404 message
2023-04-27T12:08:08.532Z: /app/api/picture/Farine.jpg --> 404 message
2023-04-27T12:09:20.318Z: /api/picture/ingredient/Ail.jpg --> 404 message
2023-04-27T12:09:32.969Z: /api/picture/ingredient/Ail.jpg --> 404 message
2023-04-27T12:09:32.970Z: /admin/picture/farine --> 404 message
2023-04-27T12:09:57.139Z: /api/picture/ingredient/Ail.jpg --> 404 message
2023-04-27T12:09:57.142Z: /admin/picture/farine.jpg --> 404 message
2023-04-27T12:09:57.945Z: /api/picture/ingredient/Ail.jpg --> 404 message
2023-04-27T12:09:57.949Z: /admin/picture/farine.jpg --> 404 message
2023-04-27T12:10:05.955Z: /picture/farine.jpg --> 404 message
2023-04-27T12:10:05.956Z: /api/picture/ingredient/Ail.jpg --> 404 message
2023-04-27T12:10:08.141Z: /picture/farine.jpg --> 404 message
2023-04-27T12:10:08.141Z: /api/picture/ingredient/Ail.jpg --> 404 message
2023-04-27T12:10:29.381Z: /api/picture/ingredient/Ail.jpg --> 404 message
2023-04-27T12:10:31.454Z: /api/picture/ingredient/Ail.jpg --> 404 message
2023-04-27T12:13:25.187Z: /picture/O'Frigo.png --> 404 message
2023-04-27T12:13:25.188Z: /api/picture/ingredient/Ail.jpg --> 404 message
2023-04-27T12:13:37.400Z: /picture/O'Frigo.png --> 404 message
2023-04-27T12:14:25.965Z: /picture/ingredient/Ail.jpg --> 404 message
2023-04-27T12:14:25.965Z: /picture/O'Frigo.png --> 404 message
2023-04-27T12:34:25.593Z: /admin/login --> Couple login/mot de passe est incorrect.
2023-04-27T12:34:46.675Z: /admin/category --> Autorisation refusée, le token est manquant
2023-04-27T12:34:48.919Z: /admin/ingredient --> Autorisation refusée, le token est manquant
2023-04-27T12:34:51.862Z: /admin/message --> Autorisation refusée, le token est manquant
2023-04-27T12:39:08.679Z: /admin/home --> 404 message
2023-04-27T12:41:28.816Z: /admin/home --> 404 message
2023-04-27T12:42:21.085Z: /admin/home --> 404 message
2023-04-27T12:42:27.918Z: /admin/home --> 404 message
2023-04-27T12:43:17.256Z: /admin/home --> /var/www/html/Promo/O&#39;FRIGO/projet-06-o-frigo-back/app/back/views/home.ejs:1
 >> 1| <%- include('partials/header') %>
    2| 
    3| <section class="section">
    4| 

/var/www/html/Promo/O&#39;FRIGO/projet-06-o-frigo-back/app/back/views/partials/header.ejs:23
    21|         <div class="profil">
    22|             <% if (homeName != 'LoginPage') { %>
 >> 23|                 <a href="#"><%=account.last_name %></a>
    24|             <%} %>
    25|         </div>
    26|     </header>

account is not defined
